<?xml version="1.0" encoding="UTF-8"?>
<testsuite xmlns:xsi="http://www.w3.org/2001/XMLSchema-instance" xsi:noNamespaceSchemaLocation="https://maven.apache.org/surefire/maven-surefire-plugin/xsd/surefire-test-report.xsd" name="fr.m2i.test.jwt.EchoEndpointTest" time="0.061" tests="2" errors="2" skipped="0" failures="0">
  <properties>
    <property name="java.specification.version" value="17"/>
    <property name="sun.jnu.encoding" value="UTF-8"/>
    <property name="java.class.path" value="/Users/charlottemarion/code/Charlotte6944/workspace-spring-tool-suite-4-4.15.1.RELEASE/ProjetFilRouge/GestionPlanning/target/test-classes:/Users/charlottemarion/code/Charlotte6944/workspace-spring-tool-suite-4-4.15.1.RELEASE/ProjetFilRouge/GestionPlanning/target/classes:/Users/charlottemarion/.m2/repository/org/junit/jupiter/junit-jupiter-api/5.8.2/junit-jupiter-api-5.8.2.jar:/Users/charlottemarion/.m2/repository/org/opentest4j/opentest4j/1.2.0/opentest4j-1.2.0.jar:/Users/charlottemarion/.m2/repository/org/junit/platform/junit-platform-commons/1.8.2/junit-platform-commons-1.8.2.jar:/Users/charlottemarion/.m2/repository/org/apiguardian/apiguardian-api/1.1.2/apiguardian-api-1.1.2.jar:/Users/charlottemarion/.m2/repository/org/junit/jupiter/junit-jupiter-engine/5.8.2/junit-jupiter-engine-5.8.2.jar:/Users/charlottemarion/.m2/repository/org/junit/platform/junit-platform-engine/1.8.2/junit-platform-engine-1.8.2.jar:/Users/charlottemarion/.m2/repository/javax/servlet/javax.servlet-api/3.0.1/javax.servlet-api-3.0.1.jar:/Users/charlottemarion/.m2/repository/javax/servlet/jstl/1.2/jstl-1.2.jar:/Users/charlottemarion/.m2/repository/org/glassfish/web/jstl-impl/1.2/jstl-impl-1.2.jar:/Users/charlottemarion/.m2/repository/org/glassfish/jersey/containers/jersey-container-servlet/2.28/jersey-container-servlet-2.28.jar:/Users/charlottemarion/.m2/repository/org/glassfish/jersey/containers/jersey-container-servlet-core/2.28/jersey-container-servlet-core-2.28.jar:/Users/charlottemarion/.m2/repository/org/glassfish/jersey/core/jersey-common/2.28/jersey-common-2.28.jar:/Users/charlottemarion/.m2/repository/jakarta/annotation/jakarta.annotation-api/1.3.4/jakarta.annotation-api-1.3.4.jar:/Users/charlottemarion/.m2/repository/org/glassfish/jersey/core/jersey-server/2.28/jersey-server-2.28.jar:/Users/charlottemarion/.m2/repository/org/glassfish/jersey/core/jersey-client/2.28/jersey-client-2.28.jar:/Users/charlottemarion/.m2/repository/javax/validation/validation-api/2.0.1.Final/validation-api-2.0.1.Final.jar:/Users/charlottemarion/.m2/repository/jakarta/ws/rs/jakarta.ws.rs-api/2.1.5/jakarta.ws.rs-api-2.1.5.jar:/Users/charlottemarion/.m2/repository/org/glassfish/jersey/inject/jersey-hk2/2.28/jersey-hk2-2.28.jar:/Users/charlottemarion/.m2/repository/org/glassfish/hk2/hk2-locator/2.5.0/hk2-locator-2.5.0.jar:/Users/charlottemarion/.m2/repository/org/glassfish/hk2/external/aopalliance-repackaged/2.5.0/aopalliance-repackaged-2.5.0.jar:/Users/charlottemarion/.m2/repository/org/glassfish/hk2/hk2-api/2.5.0/hk2-api-2.5.0.jar:/Users/charlottemarion/.m2/repository/org/glassfish/hk2/hk2-utils/2.5.0/hk2-utils-2.5.0.jar:/Users/charlottemarion/.m2/repository/org/glassfish/jersey/media/jersey-media-json-jackson/2.28/jersey-media-json-jackson-2.28.jar:/Users/charlottemarion/.m2/repository/org/glassfish/jersey/ext/jersey-entity-filtering/2.28/jersey-entity-filtering-2.28.jar:/Users/charlottemarion/.m2/repository/com/fasterxml/jackson/core/jackson-annotations/2.9.8/jackson-annotations-2.9.8.jar:/Users/charlottemarion/.m2/repository/com/fasterxml/jackson/core/jackson-databind/2.9.8/jackson-databind-2.9.8.jar:/Users/charlottemarion/.m2/repository/com/fasterxml/jackson/core/jackson-core/2.9.8/jackson-core-2.9.8.jar:/Users/charlottemarion/.m2/repository/com/fasterxml/jackson/module/jackson-module-jaxb-annotations/2.9.8/jackson-module-jaxb-annotations-2.9.8.jar:/Users/charlottemarion/.m2/repository/org/glassfish/jersey/media/jersey-media-jaxb/2.28/jersey-media-jaxb-2.28.jar:/Users/charlottemarion/.m2/repository/org/glassfish/hk2/external/jakarta.inject/2.5.0/jakarta.inject-2.5.0.jar:/Users/charlottemarion/.m2/repository/org/glassfish/hk2/osgi-resource-locator/1.0.1/osgi-resource-locator-1.0.1.jar:/Users/charlottemarion/.m2/repository/javax/annotation/javax.annotation-api/1.3.2/javax.annotation-api-1.3.2.jar:/Users/charlottemarion/.m2/repository/jakarta/xml/bind/jakarta.xml.bind-api/2.3.2/jakarta.xml.bind-api-2.3.2.jar:/Users/charlottemarion/.m2/repository/jakarta/activation/jakarta.activation-api/1.2.1/jakarta.activation-api-1.2.1.jar:/Users/charlottemarion/.m2/repository/org/glassfish/jaxb/jaxb-runtime/2.3.2/jaxb-runtime-2.3.2.jar:/Users/charlottemarion/.m2/repository/org/glassfish/jaxb/txw2/2.3.2/txw2-2.3.2.jar:/Users/charlottemarion/.m2/repository/com/sun/istack/istack-commons-runtime/3.0.8/istack-commons-runtime-3.0.8.jar:/Users/charlottemarion/.m2/repository/org/jvnet/staxex/stax-ex/1.8.1/stax-ex-1.8.1.jar:/Users/charlottemarion/.m2/repository/com/sun/xml/fastinfoset/FastInfoset/1.2.16/FastInfoset-1.2.16.jar:/Users/charlottemarion/.m2/repository/mysql/mysql-connector-java/8.0.30/mysql-connector-java-8.0.30.jar:/Users/charlottemarion/.m2/repository/org/hibernate/hibernate-core/5.4.9.Final/hibernate-core-5.4.9.Final.jar:/Users/charlottemarion/.m2/repository/org/jboss/logging/jboss-logging/3.3.2.Final/jboss-logging-3.3.2.Final.jar:/Users/charlottemarion/.m2/repository/javax/persistence/javax.persistence-api/2.2/javax.persistence-api-2.2.jar:/Users/charlottemarion/.m2/repository/org/javassist/javassist/3.24.0-GA/javassist-3.24.0-GA.jar:/Users/charlottemarion/.m2/repository/net/bytebuddy/byte-buddy/1.10.2/byte-buddy-1.10.2.jar:/Users/charlottemarion/.m2/repository/antlr/antlr/2.7.7/antlr-2.7.7.jar:/Users/charlottemarion/.m2/repository/org/jboss/spec/javax/transaction/jboss-transaction-api_1.2_spec/1.1.1.Final/jboss-transaction-api_1.2_spec-1.1.1.Final.jar:/Users/charlottemarion/.m2/repository/org/jboss/jandex/2.1.1.Final/jandex-2.1.1.Final.jar:/Users/charlottemarion/.m2/repository/com/fasterxml/classmate/1.5.1/classmate-1.5.1.jar:/Users/charlottemarion/.m2/repository/javax/activation/javax.activation-api/1.2.0/javax.activation-api-1.2.0.jar:/Users/charlottemarion/.m2/repository/org/dom4j/dom4j/2.1.1/dom4j-2.1.1.jar:/Users/charlottemarion/.m2/repository/org/hibernate/common/hibernate-commons-annotations/5.1.0.Final/hibernate-commons-annotations-5.1.0.Final.jar:/Users/charlottemarion/.m2/repository/javax/xml/bind/jaxb-api/2.3.1/jaxb-api-2.3.1.jar:/Users/charlottemarion/.m2/repository/org/hibernate/hibernate-entitymanager/5.4.9.Final/hibernate-entitymanager-5.4.9.Final.jar:/Users/charlottemarion/.m2/repository/com/thetransactioncompany/cors-filter/2.1/cors-filter-2.1.jar:/Users/charlottemarion/.m2/repository/com/thetransactioncompany/java-property-utils/1.9.1/java-property-utils-1.9.1.jar:/Users/charlottemarion/.m2/repository/io/jsonwebtoken/jjwt-api/0.11.5/jjwt-api-0.11.5.jar:/Users/charlottemarion/.m2/repository/io/jsonwebtoken/jjwt-impl/0.11.5/jjwt-impl-0.11.5.jar:/Users/charlottemarion/.m2/repository/io/jsonwebtoken/jjwt-jackson/0.11.5/jjwt-jackson-0.11.5.jar:"/>
    <property name="java.vm.vendor" value="Eclipse Adoptium"/>
    <property name="sun.arch.data.model" value="64"/>
    <property name="java.vendor.url" value="https://adoptium.net/"/>
    <property name="os.name" value="Mac OS X"/>
    <property name="java.vm.specification.version" value="17"/>
    <property name="sun.java.launcher" value="SUN_STANDARD"/>
    <property name="user.country" value="FR"/>
    <property name="sun.boot.library.path" value="/Applications/SpringToolSuite4.app/Contents/Eclipse/plugins/org.eclipse.justj.openjdk.hotspot.jre.full.macosx.x86_64_17.0.3.v20220515-1416/jre/lib"/>
    <property name="sun.java.command" value="/Users/charlottemarion/code/Charlotte6944/workspace-spring-tool-suite-4-4.15.1.RELEASE/ProjetFilRouge/GestionPlanning/target/surefire/surefirebooter12123401520212257766.jar /Users/charlottemarion/code/Charlotte6944/workspace-spring-tool-suite-4-4.15.1.RELEASE/ProjetFilRouge/GestionPlanning/target/surefire 2022-08-27T19-38-27_411-jvmRun1 surefire9112802095834595471tmp surefire_05557288352906165556tmp"/>
    <property name="http.nonProxyHosts" value="local|*.local|169.254/16|*.169.254/16"/>
    <property name="jdk.debug" value="release"/>
    <property name="surefire.test.class.path" value="/Users/charlottemarion/code/Charlotte6944/workspace-spring-tool-suite-4-4.15.1.RELEASE/ProjetFilRouge/GestionPlanning/target/test-classes:/Users/charlottemarion/code/Charlotte6944/workspace-spring-tool-suite-4-4.15.1.RELEASE/ProjetFilRouge/GestionPlanning/target/classes:/Users/charlottemarion/.m2/repository/org/junit/jupiter/junit-jupiter-api/5.8.2/junit-jupiter-api-5.8.2.jar:/Users/charlottemarion/.m2/repository/org/opentest4j/opentest4j/1.2.0/opentest4j-1.2.0.jar:/Users/charlottemarion/.m2/repository/org/junit/platform/junit-platform-commons/1.8.2/junit-platform-commons-1.8.2.jar:/Users/charlottemarion/.m2/repository/org/apiguardian/apiguardian-api/1.1.2/apiguardian-api-1.1.2.jar:/Users/charlottemarion/.m2/repository/org/junit/jupiter/junit-jupiter-engine/5.8.2/junit-jupiter-engine-5.8.2.jar:/Users/charlottemarion/.m2/repository/org/junit/platform/junit-platform-engine/1.8.2/junit-platform-engine-1.8.2.jar:/Users/charlottemarion/.m2/repository/javax/servlet/javax.servlet-api/3.0.1/javax.servlet-api-3.0.1.jar:/Users/charlottemarion/.m2/repository/javax/servlet/jstl/1.2/jstl-1.2.jar:/Users/charlottemarion/.m2/repository/org/glassfish/web/jstl-impl/1.2/jstl-impl-1.2.jar:/Users/charlottemarion/.m2/repository/org/glassfish/jersey/containers/jersey-container-servlet/2.28/jersey-container-servlet-2.28.jar:/Users/charlottemarion/.m2/repository/org/glassfish/jersey/containers/jersey-container-servlet-core/2.28/jersey-container-servlet-core-2.28.jar:/Users/charlottemarion/.m2/repository/org/glassfish/jersey/core/jersey-common/2.28/jersey-common-2.28.jar:/Users/charlottemarion/.m2/repository/jakarta/annotation/jakarta.annotation-api/1.3.4/jakarta.annotation-api-1.3.4.jar:/Users/charlottemarion/.m2/repository/org/glassfish/jersey/core/jersey-server/2.28/jersey-server-2.28.jar:/Users/charlottemarion/.m2/repository/org/glassfish/jersey/core/jersey-client/2.28/jersey-client-2.28.jar:/Users/charlottemarion/.m2/repository/javax/validation/validation-api/2.0.1.Final/validation-api-2.0.1.Final.jar:/Users/charlottemarion/.m2/repository/jakarta/ws/rs/jakarta.ws.rs-api/2.1.5/jakarta.ws.rs-api-2.1.5.jar:/Users/charlottemarion/.m2/repository/org/glassfish/jersey/inject/jersey-hk2/2.28/jersey-hk2-2.28.jar:/Users/charlottemarion/.m2/repository/org/glassfish/hk2/hk2-locator/2.5.0/hk2-locator-2.5.0.jar:/Users/charlottemarion/.m2/repository/org/glassfish/hk2/external/aopalliance-repackaged/2.5.0/aopalliance-repackaged-2.5.0.jar:/Users/charlottemarion/.m2/repository/org/glassfish/hk2/hk2-api/2.5.0/hk2-api-2.5.0.jar:/Users/charlottemarion/.m2/repository/org/glassfish/hk2/hk2-utils/2.5.0/hk2-utils-2.5.0.jar:/Users/charlottemarion/.m2/repository/org/glassfish/jersey/media/jersey-media-json-jackson/2.28/jersey-media-json-jackson-2.28.jar:/Users/charlottemarion/.m2/repository/org/glassfish/jersey/ext/jersey-entity-filtering/2.28/jersey-entity-filtering-2.28.jar:/Users/charlottemarion/.m2/repository/com/fasterxml/jackson/core/jackson-annotations/2.9.8/jackson-annotations-2.9.8.jar:/Users/charlottemarion/.m2/repository/com/fasterxml/jackson/core/jackson-databind/2.9.8/jackson-databind-2.9.8.jar:/Users/charlottemarion/.m2/repository/com/fasterxml/jackson/core/jackson-core/2.9.8/jackson-core-2.9.8.jar:/Users/charlottemarion/.m2/repository/com/fasterxml/jackson/module/jackson-module-jaxb-annotations/2.9.8/jackson-module-jaxb-annotations-2.9.8.jar:/Users/charlottemarion/.m2/repository/org/glassfish/jersey/media/jersey-media-jaxb/2.28/jersey-media-jaxb-2.28.jar:/Users/charlottemarion/.m2/repository/org/glassfish/hk2/external/jakarta.inject/2.5.0/jakarta.inject-2.5.0.jar:/Users/charlottemarion/.m2/repository/org/glassfish/hk2/osgi-resource-locator/1.0.1/osgi-resource-locator-1.0.1.jar:/Users/charlottemarion/.m2/repository/javax/annotation/javax.annotation-api/1.3.2/javax.annotation-api-1.3.2.jar:/Users/charlottemarion/.m2/repository/jakarta/xml/bind/jakarta.xml.bind-api/2.3.2/jakarta.xml.bind-api-2.3.2.jar:/Users/charlottemarion/.m2/repository/jakarta/activation/jakarta.activation-api/1.2.1/jakarta.activation-api-1.2.1.jar:/Users/charlottemarion/.m2/repository/org/glassfish/jaxb/jaxb-runtime/2.3.2/jaxb-runtime-2.3.2.jar:/Users/charlottemarion/.m2/repository/org/glassfish/jaxb/txw2/2.3.2/txw2-2.3.2.jar:/Users/charlottemarion/.m2/repository/com/sun/istack/istack-commons-runtime/3.0.8/istack-commons-runtime-3.0.8.jar:/Users/charlottemarion/.m2/repository/org/jvnet/staxex/stax-ex/1.8.1/stax-ex-1.8.1.jar:/Users/charlottemarion/.m2/repository/com/sun/xml/fastinfoset/FastInfoset/1.2.16/FastInfoset-1.2.16.jar:/Users/charlottemarion/.m2/repository/mysql/mysql-connector-java/8.0.30/mysql-connector-java-8.0.30.jar:/Users/charlottemarion/.m2/repository/org/hibernate/hibernate-core/5.4.9.Final/hibernate-core-5.4.9.Final.jar:/Users/charlottemarion/.m2/repository/org/jboss/logging/jboss-logging/3.3.2.Final/jboss-logging-3.3.2.Final.jar:/Users/charlottemarion/.m2/repository/javax/persistence/javax.persistence-api/2.2/javax.persistence-api-2.2.jar:/Users/charlottemarion/.m2/repository/org/javassist/javassist/3.24.0-GA/javassist-3.24.0-GA.jar:/Users/charlottemarion/.m2/repository/net/bytebuddy/byte-buddy/1.10.2/byte-buddy-1.10.2.jar:/Users/charlottemarion/.m2/repository/antlr/antlr/2.7.7/antlr-2.7.7.jar:/Users/charlottemarion/.m2/repository/org/jboss/spec/javax/transaction/jboss-transaction-api_1.2_spec/1.1.1.Final/jboss-transaction-api_1.2_spec-1.1.1.Final.jar:/Users/charlottemarion/.m2/repository/org/jboss/jandex/2.1.1.Final/jandex-2.1.1.Final.jar:/Users/charlottemarion/.m2/repository/com/fasterxml/classmate/1.5.1/classmate-1.5.1.jar:/Users/charlottemarion/.m2/repository/javax/activation/javax.activation-api/1.2.0/javax.activation-api-1.2.0.jar:/Users/charlottemarion/.m2/repository/org/dom4j/dom4j/2.1.1/dom4j-2.1.1.jar:/Users/charlottemarion/.m2/repository/org/hibernate/common/hibernate-commons-annotations/5.1.0.Final/hibernate-commons-annotations-5.1.0.Final.jar:/Users/charlottemarion/.m2/repository/javax/xml/bind/jaxb-api/2.3.1/jaxb-api-2.3.1.jar:/Users/charlottemarion/.m2/repository/org/hibernate/hibernate-entitymanager/5.4.9.Final/hibernate-entitymanager-5.4.9.Final.jar:/Users/charlottemarion/.m2/repository/com/thetransactioncompany/cors-filter/2.1/cors-filter-2.1.jar:/Users/charlottemarion/.m2/repository/com/thetransactioncompany/java-property-utils/1.9.1/java-property-utils-1.9.1.jar:/Users/charlottemarion/.m2/repository/io/jsonwebtoken/jjwt-api/0.11.5/jjwt-api-0.11.5.jar:/Users/charlottemarion/.m2/repository/io/jsonwebtoken/jjwt-impl/0.11.5/jjwt-impl-0.11.5.jar:/Users/charlottemarion/.m2/repository/io/jsonwebtoken/jjwt-jackson/0.11.5/jjwt-jackson-0.11.5.jar:"/>
    <property name="sun.cpu.endian" value="little"/>
    <property name="user.home" value="/Users/charlottemarion"/>
    <property name="user.language" value="fr"/>
    <property name="java.specification.vendor" value="Oracle Corporation"/>
    <property name="java.version.date" value="2022-04-19"/>
    <property name="java.home" value="/Applications/SpringToolSuite4.app/Contents/Eclipse/plugins/org.eclipse.justj.openjdk.hotspot.jre.full.macosx.x86_64_17.0.3.v20220515-1416/jre"/>
    <property name="file.separator" value="/"/>
    <property name="style.color" value="always"/>
    <property name="basedir" value="/Users/charlottemarion/code/Charlotte6944/workspace-spring-tool-suite-4-4.15.1.RELEASE/ProjetFilRouge/GestionPlanning"/>
    <property name="java.vm.compressedOopsMode" value="Zero based"/>
    <property name="line.separator" value="&#10;"/>
    <property name="java.vm.specification.vendor" value="Oracle Corporation"/>
    <property name="java.specification.name" value="Java Platform API Specification"/>
    <property name="surefire.real.class.path" value="/Users/charlottemarion/code/Charlotte6944/workspace-spring-tool-suite-4-4.15.1.RELEASE/ProjetFilRouge/GestionPlanning/target/surefire/surefirebooter12123401520212257766.jar"/>
    <property name="sun.management.compiler" value="HotSpot 64-Bit Tiered Compilers"/>
    <property name="ftp.nonProxyHosts" value="local|*.local|169.254/16|*.169.254/16"/>
    <property name="java.runtime.version" value="17.0.3+7"/>
    <property name="user.name" value="charlottemarion"/>
    <property name="path.separator" value=":"/>
    <property name="os.version" value="12.4"/>
    <property name="java.runtime.name" value="OpenJDK Runtime Environment"/>
    <property name="file.encoding" value="UTF-8"/>
    <property name="java.vm.name" value="OpenJDK 64-Bit Server VM"/>
    <property name="java.vendor.version" value="Temurin-17.0.3+7"/>
    <property name="localRepository" value="/Users/charlottemarion/.m2/repository"/>
    <property name="java.vendor.url.bug" value="https://github.com/adoptium/adoptium-support/issues"/>
    <property name="java.io.tmpdir" value="/var/folders/zt/d1l954k95k162dw4p_p6skxc0000gn/T/"/>
    <property name="java.version" value="17.0.3"/>
    <property name="user.dir" value="/Users/charlottemarion/code/Charlotte6944/workspace-spring-tool-suite-4-4.15.1.RELEASE/ProjetFilRouge/GestionPlanning"/>
    <property name="os.arch" value="x86_64"/>
    <property name="java.vm.specification.name" value="Java Virtual Machine Specification"/>
    <property name="native.encoding" value="UTF-8"/>
    <property name="java.library.path" value="/Users/charlottemarion/Library/Java/Extensions:/Library/Java/Extensions:/Network/Library/Java/Extensions:/System/Library/Java/Extensions:/usr/lib/java:."/>
    <property name="java.vm.info" value="mixed mode"/>
    <property name="java.vendor" value="Eclipse Adoptium"/>
    <property name="java.vm.version" value="17.0.3+7"/>
    <property name="sun.io.unicode.encoding" value="UnicodeBig"/>
    <property name="socksNonProxyHosts" value="local|*.local|169.254/16|*.169.254/16"/>
    <property name="java.class.version" value="61.0"/>
  </properties>
  <testcase name="shouldEchoHello" classname="fr.m2i.test.jwt.EchoEndpointTest" time="0.037">
    <error message="Cannot invoke &quot;javax.ws.rs.client.WebTarget.queryParam(String, Object[])&quot; because &quot;this.echoTarget&quot; is null" type="java.lang.NullPointerException">java.lang.NullPointerException: Cannot invoke "javax.ws.rs.client.WebTarget.queryParam(String, Object[])" because "this.echoTarget" is null
	at fr.m2i.test.jwt.EchoEndpointTest.shouldEchoHello(EchoEndpointTest.java:24)
</error>
  </testcase>
  <testcase name="shouldEchoMessage" classname="fr.m2i.test.jwt.EchoEndpointTest" time="0">
    <error message="Cannot invoke &quot;javax.ws.rs.client.WebTarget.request(String[])&quot; because &quot;this.echoTarget&quot; is null" type="java.lang.NullPointerException">java.lang.NullPointerException: Cannot invoke "javax.ws.rs.client.WebTarget.request(String[])" because "this.echoTarget" is null
	at fr.m2i.test.jwt.EchoEndpointTest.shouldEchoMessage(EchoEndpointTest.java:17)
</error>
  </testcase>
</testsuite>